<?xml version="1.0" encoding="UTF-8"?>
<testng-results ignored="0" total="0" passed="0" failed="0" skipped="0">
  <reporter-output>
  </reporter-output>
  <suite started-at="2022-05-20T14:15:16 IST" name="Suite" finished-at="2022-05-20T14:15:16 IST" duration-ms="50">
    <groups>
    </groups>
    <test started-at="2022-05-20T14:15:16 IST" name="Chrome Test" finished-at="2022-05-20T14:15:16 IST" duration-ms="7">
    </test> <!-- Chrome Test -->
    <test started-at="2022-05-20T14:15:16 IST" name="FireFox Test" finished-at="2022-05-20T14:15:16 IST" duration-ms="0">
    </test> <!-- FireFox Test -->
  </suite> <!-- Suite -->
</testng-results>
